<?xml version="1.0" encoding="UTF-8"?>
<coverage generated="1688556869808" clover="3.2.0">
  <project timestamp="1688556869808" name="All files">
    <metrics statements="18" coveredstatements="12" conditionals="2" coveredconditionals="2" methods="3" coveredmethods="2" elements="23" coveredelements="16" complexity="0" loc="18" ncloc="18" packages="1" files="1" classes="1"/>
    <file name="reactive.ts" path="E:\HYworkspace\try_why\mini-vue\follow_cuixueshe\mini_vue3\src\reactive.ts">
      <metrics statements="18" coveredstatements="12" conditionals="2" coveredconditionals="2" methods="3" coveredmethods="2"/>
      <line num="1" count="1" type="cond" truecount="1" falsecount="0"/>
      <line num="2" count="1" type="stmt"/>
      <line num="3" count="1" type="stmt"/>
      <line num="4" count="1" type="cond" truecount="1" falsecount="0"/>
      <line num="5" count="1" type="stmt"/>
      <line num="6" count="1" type="stmt"/>
      <line num="7" count="1" type="stmt"/>
      <line num="8" count="1" type="stmt"/>
      <line num="9" count="1" type="stmt"/>
      <line num="10" count="0" type="stmt"/>
      <line num="11" count="0" type="stmt"/>
      <line num="12" count="0" type="stmt"/>
      <line num="13" count="0" type="stmt"/>
      <line num="14" count="0" type="stmt"/>
      <line num="15" count="0" type="stmt"/>
      <line num="16" count="1" type="stmt"/>
      <line num="17" count="1" type="stmt"/>
      <line num="18" count="1" type="stmt"/>
    </file>
  </project>
</coverage>
