TN:
SF:src\effect.ts
FN:4,ReactiveEffect
FN:7,run
FN:13,effect
FNF:3
FNH:3
FNDA:1,ReactiveEffect
FNDA:1,run
FNDA:1,effect
DA:1,1
DA:2,1
DA:3,1
DA:4,1
DA:5,1
DA:6,1
DA:7,1
DA:8,1
DA:9,1
DA:10,1
DA:11,1
DA:12,1
DA:13,1
DA:14,1
DA:15,1
DA:16,1
LF:16
LH:16
BRDA:4,0,0,1
BRDA:7,1,0,1
BRDA:13,2,0,1
BRF:3
BRH:3
end_of_record
TN:
SF:src\reactive.ts
FN:1,reactive
FN:4,get
FN:9,set
FNF:3
FNH:2
FNDA:1,reactive
FNDA:1,get
FNDA:0,set
DA:1,1
DA:2,1
DA:3,1
DA:4,1
DA:5,1
DA:6,1
DA:7,1
DA:8,1
DA:9,1
DA:10,0
DA:11,0
DA:12,0
DA:13,0
DA:14,0
DA:15,0
DA:16,1
DA:17,1
DA:18,1
LF:18
LH:12
BRDA:1,0,0,1
BRDA:4,1,0,1
BRF:2
BRH:2
end_of_record
